2014/11/09 23:46:42 [error] [php] Undefined index: $id (/var/www/html/sdl/protected/models/Project.php:122)
Stack trace:
#0 /var/www/html/yii/framework/web/CBaseController.php(95): ProjectController->renderInternal()
#1 /var/www/html/yii/framework/web/CController.php(869): ProjectController->renderFile()
#2 /var/www/html/yii/framework/web/CController.php(782): ProjectController->renderPartial()
#3 /var/www/html/sdl/protected/controllers/ProjectController.php(71): ProjectController->render()
#4 unknown(0): ProjectController->actionView()
#5 /var/www/html/yii/framework/web/actions/CAction.php(108): ReflectionMethod->invokeArgs()
#6 /var/www/html/yii/framework/web/actions/CInlineAction.php(47): CInlineAction->runWithParamsInternal()
#7 /var/www/html/yii/framework/web/CController.php(308): CInlineAction->runWithParams()
#8 /var/www/html/yii/framework/web/filters/CFilterChain.php(133): ProjectController->runAction()
#9 /var/www/html/yii/framework/web/filters/CFilter.php(40): CFilterChain->run()
#10 /var/www/html/yii/framework/web/CController.php(1145): CAccessControlFilter->filter()
#11 /var/www/html/yii/framework/web/filters/CInlineFilter.php(58): ProjectController->filterAccessControl()
#12 /var/www/html/yii/framework/web/filters/CFilterChain.php(130): CInlineFilter->filter()
#13 /var/www/html/yii/framework/web/CController.php(291): CFilterChain->run()
#14 /var/www/html/yii/framework/web/CController.php(265): ProjectController->runActionWithFilters()
#15 /var/www/html/yii/framework/web/CWebApplication.php(282): ProjectController->run()
#16 /var/www/html/yii/framework/web/CWebApplication.php(141): CWebApplication->runController()
#17 /var/www/html/yii/framework/base/CApplication.php(180): CWebApplication->processRequest()
#18 /var/www/html/sdl/index.php(13): CWebApplication->run()
REQUEST_URI=/sdl/index.php?r=project/view&id=42
in /var/www/html/sdl/protected/models/Project.php (122)
in /var/www/html/sdl/protected/views/project/view.php (34)
in /var/www/html/sdl/protected/controllers/ProjectController.php (71)
2014/11/09 23:46:55 [error] [php] Illegal offset type (/var/www/html/sdl/protected/models/Project.php:122)
Stack trace:
#0 /var/www/html/yii/framework/web/CBaseController.php(95): ProjectController->renderInternal()
#1 /var/www/html/yii/framework/web/CController.php(869): ProjectController->renderFile()
#2 /var/www/html/yii/framework/web/CController.php(782): ProjectController->renderPartial()
#3 /var/www/html/sdl/protected/controllers/ProjectController.php(71): ProjectController->render()
#4 unknown(0): ProjectController->actionView()
#5 /var/www/html/yii/framework/web/actions/CAction.php(108): ReflectionMethod->invokeArgs()
#6 /var/www/html/yii/framework/web/actions/CInlineAction.php(47): CInlineAction->runWithParamsInternal()
#7 /var/www/html/yii/framework/web/CController.php(308): CInlineAction->runWithParams()
#8 /var/www/html/yii/framework/web/filters/CFilterChain.php(133): ProjectController->runAction()
#9 /var/www/html/yii/framework/web/filters/CFilter.php(40): CFilterChain->run()
#10 /var/www/html/yii/framework/web/CController.php(1145): CAccessControlFilter->filter()
#11 /var/www/html/yii/framework/web/filters/CInlineFilter.php(58): ProjectController->filterAccessControl()
#12 /var/www/html/yii/framework/web/filters/CFilterChain.php(130): CInlineFilter->filter()
#13 /var/www/html/yii/framework/web/CController.php(291): CFilterChain->run()
#14 /var/www/html/yii/framework/web/CController.php(265): ProjectController->runActionWithFilters()
#15 /var/www/html/yii/framework/web/CWebApplication.php(282): ProjectController->run()
#16 /var/www/html/yii/framework/web/CWebApplication.php(141): CWebApplication->runController()
#17 /var/www/html/yii/framework/base/CApplication.php(180): CWebApplication->processRequest()
#18 /var/www/html/sdl/index.php(13): CWebApplication->run()
REQUEST_URI=/sdl/index.php?r=project/view&id=42
in /var/www/html/sdl/protected/models/Project.php (122)
in /var/www/html/sdl/protected/views/project/view.php (34)
in /var/www/html/sdl/protected/controllers/ProjectController.php (71)
2014/11/09 23:47:03 [error] [php] Undefined index: id (/var/www/html/sdl/protected/models/Project.php:122)
Stack trace:
#0 /var/www/html/yii/framework/web/CBaseController.php(95): ProjectController->renderInternal()
#1 /var/www/html/yii/framework/web/CController.php(869): ProjectController->renderFile()
#2 /var/www/html/yii/framework/web/CController.php(782): ProjectController->renderPartial()
#3 /var/www/html/sdl/protected/controllers/ProjectController.php(71): ProjectController->render()
#4 unknown(0): ProjectController->actionView()
#5 /var/www/html/yii/framework/web/actions/CAction.php(108): ReflectionMethod->invokeArgs()
#6 /var/www/html/yii/framework/web/actions/CInlineAction.php(47): CInlineAction->runWithParamsInternal()
#7 /var/www/html/yii/framework/web/CController.php(308): CInlineAction->runWithParams()
#8 /var/www/html/yii/framework/web/filters/CFilterChain.php(133): ProjectController->runAction()
#9 /var/www/html/yii/framework/web/filters/CFilter.php(40): CFilterChain->run()
#10 /var/www/html/yii/framework/web/CController.php(1145): CAccessControlFilter->filter()
#11 /var/www/html/yii/framework/web/filters/CInlineFilter.php(58): ProjectController->filterAccessControl()
#12 /var/www/html/yii/framework/web/filters/CFilterChain.php(130): CInlineFilter->filter()
#13 /var/www/html/yii/framework/web/CController.php(291): CFilterChain->run()
#14 /var/www/html/yii/framework/web/CController.php(265): ProjectController->runActionWithFilters()
#15 /var/www/html/yii/framework/web/CWebApplication.php(282): ProjectController->run()
#16 /var/www/html/yii/framework/web/CWebApplication.php(141): CWebApplication->runController()
#17 /var/www/html/yii/framework/base/CApplication.php(180): CWebApplication->processRequest()
#18 /var/www/html/sdl/index.php(13): CWebApplication->run()
REQUEST_URI=/sdl/index.php?r=project/view&id=42
in /var/www/html/sdl/protected/models/Project.php (122)
in /var/www/html/sdl/protected/views/project/view.php (34)
in /var/www/html/sdl/protected/controllers/ProjectController.php (71)
2014/11/09 23:47:41 [error] [php] Undefined index: username (/var/www/html/sdl/protected/models/Project.php:122)
Stack trace:
#0 /var/www/html/yii/framework/web/CBaseController.php(95): ProjectController->renderInternal()
#1 /var/www/html/yii/framework/web/CController.php(869): ProjectController->renderFile()
#2 /var/www/html/yii/framework/web/CController.php(782): ProjectController->renderPartial()
#3 /var/www/html/sdl/protected/controllers/ProjectController.php(71): ProjectController->render()
#4 unknown(0): ProjectController->actionView()
#5 /var/www/html/yii/framework/web/actions/CAction.php(108): ReflectionMethod->invokeArgs()
#6 /var/www/html/yii/framework/web/actions/CInlineAction.php(47): CInlineAction->runWithParamsInternal()
#7 /var/www/html/yii/framework/web/CController.php(308): CInlineAction->runWithParams()
#8 /var/www/html/yii/framework/web/filters/CFilterChain.php(133): ProjectController->runAction()
#9 /var/www/html/yii/framework/web/filters/CFilter.php(40): CFilterChain->run()
#10 /var/www/html/yii/framework/web/CController.php(1145): CAccessControlFilter->filter()
#11 /var/www/html/yii/framework/web/filters/CInlineFilter.php(58): ProjectController->filterAccessControl()
#12 /var/www/html/yii/framework/web/filters/CFilterChain.php(130): CInlineFilter->filter()
#13 /var/www/html/yii/framework/web/CController.php(291): CFilterChain->run()
#14 /var/www/html/yii/framework/web/CController.php(265): ProjectController->runActionWithFilters()
#15 /var/www/html/yii/framework/web/CWebApplication.php(282): ProjectController->run()
#16 /var/www/html/yii/framework/web/CWebApplication.php(141): CWebApplication->runController()
#17 /var/www/html/yii/framework/base/CApplication.php(180): CWebApplication->processRequest()
#18 /var/www/html/sdl/index.php(13): CWebApplication->run()
REQUEST_URI=/sdl/index.php?r=project/view&id=42
in /var/www/html/sdl/protected/models/Project.php (122)
in /var/www/html/sdl/protected/views/project/view.php (34)
in /var/www/html/sdl/protected/controllers/ProjectController.php (71)
2014/11/09 23:47:59 [error] [exception.CHttpException.404] exception 'CHttpException' with message 'The requested page does not exist.' in /var/www/html/sdl/protected/controllers/ProjectController.php:176
Stack trace:
#0 /var/www/html/sdl/protected/controllers/ProjectController.php(70): ProjectController->loadModel('41')
#1 [internal function]: ProjectController->actionView('41')
#2 /var/www/html/yii/framework/web/actions/CAction.php(108): ReflectionMethod->invokeArgs(Object(ProjectController), Array)
#3 /var/www/html/yii/framework/web/actions/CInlineAction.php(47): CAction->runWithParamsInternal(Object(ProjectController), Object(ReflectionMethod), Array)
#4 /var/www/html/yii/framework/web/CController.php(308): CInlineAction->runWithParams(Array)
#5 /var/www/html/yii/framework/web/filters/CFilterChain.php(133): CController->runAction(Object(CInlineAction))
#6 /var/www/html/yii/framework/web/filters/CFilter.php(40): CFilterChain->run()
#7 /var/www/html/yii/framework/web/CController.php(1145): CFilter->filter(Object(CFilterChain))
#8 /var/www/html/yii/framework/web/filters/CInlineFilter.php(58): CController->filterAccessControl(Object(CFilterChain))
#9 /var/www/html/yii/framework/web/filters/CFilterChain.php(130): CInlineFilter->filter(Object(CFilterChain))
#10 /var/www/html/yii/framework/web/CController.php(291): CFilterChain->run()
#11 /var/www/html/yii/framework/web/CController.php(265): CController->runActionWithFilters(Object(CInlineAction), Array)
#12 /var/www/html/yii/framework/web/CWebApplication.php(282): CController->run('view')
#13 /var/www/html/yii/framework/web/CWebApplication.php(141): CWebApplication->runController('project/view')
#14 /var/www/html/yii/framework/base/CApplication.php(180): CWebApplication->processRequest()
#15 /var/www/html/sdl/index.php(13): CApplication->run()
#16 {main}
REQUEST_URI=/sdl/index.php?r=project/view&id=41
---
2014/11/10 00:00:18 [error] [exception.CException] exception 'CException' with message 'CDbCriteria and its behaviors do not have a method or closure named "with".' in /var/www/html/yii/framework/base/CComponent.php:266
Stack trace:
#0 /var/www/html/sdl/protected/models/Project.php(187): CComponent->__call('with', Array)
#1 /var/www/html/sdl/protected/models/Project.php(187): CDbCriteria->with(Array)
#2 /var/www/html/sdl/protected/views/project/admin.php(49): Project->search()
#3 /var/www/html/yii/framework/web/CBaseController.php(126): require('/var/www/html/s...')
#4 /var/www/html/yii/framework/web/CBaseController.php(95): CBaseController->renderInternal('/var/www/html/s...', Array, true)
#5 /var/www/html/yii/framework/web/CController.php(869): CBaseController->renderFile('/var/www/html/s...', Array, true)
#6 /var/www/html/yii/framework/web/CController.php(782): CController->renderPartial('admin', Array, true)
#7 /var/www/html/sdl/protected/controllers/ProjectController.php(162): CController->render('admin', Array)
#8 /var/www/html/yii/framework/web/actions/CInlineAction.php(49): ProjectController->actionAdmin()
#9 /var/www/html/yii/framework/web/CController.php(308): CInlineAction->runWithParams(Array)
#10 /var/www/html/yii/framework/web/filters/CFilterChain.php(133): CController->runAction(Object(CInlineAction))
#11 /var/www/html/yii/framework/web/filters/CFilter.php(40): CFilterChain->run()
#12 /var/www/html/yii/framework/web/CController.php(1145): CFilter->filter(Object(CFilterChain))
#13 /var/www/html/yii/framework/web/filters/CInlineFilter.php(58): CController->filterAccessControl(Object(CFilterChain))
#14 /var/www/html/yii/framework/web/filters/CFilterChain.php(130): CInlineFilter->filter(Object(CFilterChain))
#15 /var/www/html/yii/framework/web/CController.php(291): CFilterChain->run()
#16 /var/www/html/yii/framework/web/CController.php(265): CController->runActionWithFilters(Object(CInlineAction), Array)
#17 /var/www/html/yii/framework/web/CWebApplication.php(282): CController->run('admin')
#18 /var/www/html/yii/framework/web/CWebApplication.php(141): CWebApplication->runController('project/admin')
#19 /var/www/html/yii/framework/base/CApplication.php(180): CWebApplication->processRequest()
#20 /var/www/html/sdl/index.php(13): CApplication->run()
#21 {main}
REQUEST_URI=/sdl/index.php?r=project/admin
HTTP_REFERER=http://192.168.21.201/sdl/index.php?r=project/view&id=44
---
2014/11/10 00:00:51 [warning] [application] Failed to set unsafe attribute "projectid" of "Project".
in /var/www/html/sdl/protected/controllers/ProjectController.php (158)
in /var/www/html/sdl/index.php (13)
2014/11/10 00:00:51 [error] [system.db.CDbCommand] CDbCommand::fetchAll() failed: SQLSTATE[42S22]: Column not found: 1054 Unknown column 'users.username' in 'where clause'. The SQL statement executed was: SELECT `t`.`projectid` AS `t0_c0`, `t`.`projectname` AS `t0_c1`, `t`.`step` AS `t0_c2`, `t`.`create_time` AS `t0_c3`, `t`.`update_time` AS `t0_c4`, `t`.`finish_time` AS `t0_c5` FROM `Project` `t`  WHERE (users.username LIKE :ycp0) LIMIT 10.
in /var/www/html/sdl/protected/views/project/admin.php (73)
in /var/www/html/sdl/protected/controllers/ProjectController.php (162)
in /var/www/html/sdl/index.php (13)
2014/11/10 00:00:51 [error] [exception.CDbException] exception 'CDbException' with message 'CDbCommand failed to execute the SQL statement: SQLSTATE[42S22]: Column not found: 1054 Unknown column 'users.username' in 'where clause'. The SQL statement executed was: SELECT `t`.`projectid` AS `t0_c0`, `t`.`projectname` AS `t0_c1`, `t`.`step` AS `t0_c2`, `t`.`create_time` AS `t0_c3`, `t`.`update_time` AS `t0_c4`, `t`.`finish_time` AS `t0_c5` FROM `Project` `t`  WHERE (users.username LIKE :ycp0) LIMIT 10' in /var/www/html/yii/framework/db/CDbCommand.php:543
Stack trace:
#0 /var/www/html/yii/framework/db/CDbCommand.php(396): CDbCommand->queryInternal('fetchAll', Array, Array)
#1 /var/www/html/yii/framework/db/ar/CActiveFinder.php(803): CDbCommand->queryAll()
#2 /var/www/html/yii/framework/db/ar/CActiveFinder.php(437): CJoinElement->runQuery(Object(CJoinQuery))
#3 /var/www/html/yii/framework/db/ar/CActiveFinder.php(68): CJoinElement->find(Object(CDbCriteria))
#4 /var/www/html/yii/framework/db/ar/CActiveRecord.php(1356): CActiveFinder->query(Object(CDbCriteria), true)
#5 /var/www/html/yii/framework/db/ar/CActiveRecord.php(1470): CActiveRecord->query(Object(CDbCriteria), true)
#6 /var/www/html/yii/framework/web/CActiveDataProvider.php(199): CActiveRecord->findAll(Object(CDbCriteria))
#7 /var/www/html/yii/framework/web/CDataProvider.php(168): CActiveDataProvider->fetchData()
#8 /var/www/html/yii/framework/zii/widgets/CBaseListView.php(111): CDataProvider->getData()
#9 /var/www/html/yii/framework/zii/widgets/grid/CGridView.php(339): CBaseListView->init()
#10 /var/www/html/yii/framework/web/CBaseController.php(147): CGridView->init()
#11 /var/www/html/yii/framework/web/CBaseController.php(172): CBaseController->createWidget('zii.widgets.gri...', Array)
#12 /var/www/html/sdl/protected/views/project/admin.php(73): CBaseController->widget('zii.widgets.gri...', Array)
#13 /var/www/html/yii/framework/web/CBaseController.php(126): require('/var/www/html/s...')
#14 /var/www/html/yii/framework/web/CBaseController.php(95): CBaseController->renderInternal('/var/www/html/s...', Array, true)
#15 /var/www/html/yii/framework/web/CController.php(869): CBaseController->renderFile('/var/www/html/s...', Array, true)
#16 /var/www/html/yii/framework/web/CController.php(782): CController->renderPartial('admin', Array, true)
#17 /var/www/html/sdl/protected/controllers/ProjectController.php(162): CController->render('admin', Array)
#18 /var/www/html/yii/framework/web/actions/CInlineAction.php(49): ProjectController->actionAdmin()
#19 /var/www/html/yii/framework/web/CController.php(308): CInlineAction->runWithParams(Array)
#20 /var/www/html/yii/framework/web/filters/CFilterChain.php(133): CController->runAction(Object(CInlineAction))
#21 /var/www/html/yii/framework/web/filters/CFilter.php(40): CFilterChain->run()
#22 /var/www/html/yii/framework/web/CController.php(1145): CFilter->filter(Object(CFilterChain))
#23 /var/www/html/yii/framework/web/filters/CInlineFilter.php(58): CController->filterAccessControl(Object(CFilterChain))
#24 /var/www/html/yii/framework/web/filters/CFilterChain.php(130): CInlineFilter->filter(Object(CFilterChain))
#25 /var/www/html/yii/framework/web/CController.php(291): CFilterChain->run()
#26 /var/www/html/yii/framework/web/CController.php(265): CController->runActionWithFilters(Object(CInlineAction), Array)
#27 /var/www/html/yii/framework/web/CWebApplication.php(282): CController->run('admin')
#28 /var/www/html/yii/framework/web/CWebApplication.php(141): CWebApplication->runController('project/admin')
#29 /var/www/html/yii/framework/base/CApplication.php(180): CWebApplication->processRequest()
#30 /var/www/html/sdl/index.php(13): CApplication->run()
#31 {main}
REQUEST_URI=/sdl/index.php?Project%5Bprojectid%5D=&Project%5Bprojectname%5D=&Project%5Bstep%5D=&Project%5Buser_search%5D=admin&Project_page=1&ajax=project-grid&r=project%2Fadmin
HTTP_REFERER=http://192.168.21.201/sdl/index.php?r=project/admin
---
2014/11/10 00:07:08 [warning] [application] Failed to set unsafe attribute "projectid" of "Project".
in /var/www/html/sdl/protected/controllers/ProjectController.php (158)
in /var/www/html/sdl/index.php (13)
2014/11/10 00:07:08 [error] [system.db.CDbCommand] CDbCommand::fetchAll() failed: SQLSTATE[42S22]: Column not found: 1054 Unknown column 'users.username' in 'where clause'. The SQL statement executed was: SELECT `t`.`projectid` AS `t0_c0`, `t`.`projectname` AS `t0_c1`, `t`.`step` AS `t0_c2`, `t`.`create_time` AS `t0_c3`, `t`.`update_time` AS `t0_c4`, `t`.`finish_time` AS `t0_c5` FROM `Project` `t`  WHERE (users.username LIKE :ycp0) LIMIT 10.
in /var/www/html/sdl/protected/views/project/admin.php (73)
in /var/www/html/sdl/protected/controllers/ProjectController.php (162)
in /var/www/html/sdl/index.php (13)
2014/11/10 00:07:08 [error] [exception.CDbException] exception 'CDbException' with message 'CDbCommand failed to execute the SQL statement: SQLSTATE[42S22]: Column not found: 1054 Unknown column 'users.username' in 'where clause'. The SQL statement executed was: SELECT `t`.`projectid` AS `t0_c0`, `t`.`projectname` AS `t0_c1`, `t`.`step` AS `t0_c2`, `t`.`create_time` AS `t0_c3`, `t`.`update_time` AS `t0_c4`, `t`.`finish_time` AS `t0_c5` FROM `Project` `t`  WHERE (users.username LIKE :ycp0) LIMIT 10' in /var/www/html/yii/framework/db/CDbCommand.php:543
Stack trace:
#0 /var/www/html/yii/framework/db/CDbCommand.php(396): CDbCommand->queryInternal('fetchAll', Array, Array)
#1 /var/www/html/yii/framework/db/ar/CActiveFinder.php(803): CDbCommand->queryAll()
#2 /var/www/html/yii/framework/db/ar/CActiveFinder.php(437): CJoinElement->runQuery(Object(CJoinQuery))
#3 /var/www/html/yii/framework/db/ar/CActiveFinder.php(68): CJoinElement->find(Object(CDbCriteria))
#4 /var/www/html/yii/framework/db/ar/CActiveRecord.php(1356): CActiveFinder->query(Object(CDbCriteria), true)
#5 /var/www/html/yii/framework/db/ar/CActiveRecord.php(1470): CActiveRecord->query(Object(CDbCriteria), true)
#6 /var/www/html/yii/framework/web/CActiveDataProvider.php(199): CActiveRecord->findAll(Object(CDbCriteria))
#7 /var/www/html/yii/framework/web/CDataProvider.php(168): CActiveDataProvider->fetchData()
#8 /var/www/html/yii/framework/zii/widgets/CBaseListView.php(111): CDataProvider->getData()
#9 /var/www/html/yii/framework/zii/widgets/grid/CGridView.php(339): CBaseListView->init()
#10 /var/www/html/yii/framework/web/CBaseController.php(147): CGridView->init()
#11 /var/www/html/yii/framework/web/CBaseController.php(172): CBaseController->createWidget('zii.widgets.gri...', Array)
#12 /var/www/html/sdl/protected/views/project/admin.php(73): CBaseController->widget('zii.widgets.gri...', Array)
#13 /var/www/html/yii/framework/web/CBaseController.php(126): require('/var/www/html/s...')
#14 /var/www/html/yii/framework/web/CBaseController.php(95): CBaseController->renderInternal('/var/www/html/s...', Array, true)
#15 /var/www/html/yii/framework/web/CController.php(869): CBaseController->renderFile('/var/www/html/s...', Array, true)
#16 /var/www/html/yii/framework/web/CController.php(782): CController->renderPartial('admin', Array, true)
#17 /var/www/html/sdl/protected/controllers/ProjectController.php(162): CController->render('admin', Array)
#18 /var/www/html/yii/framework/web/actions/CInlineAction.php(49): ProjectController->actionAdmin()
#19 /var/www/html/yii/framework/web/CController.php(308): CInlineAction->runWithParams(Array)
#20 /var/www/html/yii/framework/web/filters/CFilterChain.php(133): CController->runAction(Object(CInlineAction))
#21 /var/www/html/yii/framework/web/filters/CFilter.php(40): CFilterChain->run()
#22 /var/www/html/yii/framework/web/CController.php(1145): CFilter->filter(Object(CFilterChain))
#23 /var/www/html/yii/framework/web/filters/CInlineFilter.php(58): CController->filterAccessControl(Object(CFilterChain))
#24 /var/www/html/yii/framework/web/filters/CFilterChain.php(130): CInlineFilter->filter(Object(CFilterChain))
#25 /var/www/html/yii/framework/web/CController.php(291): CFilterChain->run()
#26 /var/www/html/yii/framework/web/CController.php(265): CController->runActionWithFilters(Object(CInlineAction), Array)
#27 /var/www/html/yii/framework/web/CWebApplication.php(282): CController->run('admin')
#28 /var/www/html/yii/framework/web/CWebApplication.php(141): CWebApplication->runController('project/admin')
#29 /var/www/html/yii/framework/base/CApplication.php(180): CWebApplication->processRequest()
#30 /var/www/html/sdl/index.php(13): CApplication->run()
#31 {main}
REQUEST_URI=/sdl/index.php?Project%5Bprojectid%5D=&Project%5Bprojectname%5D=&Project%5Bstep%5D=&Project%5Buser_search%5D=admin&Project_page=1&ajax=project-grid&r=project%2Fadmin
HTTP_REFERER=http://192.168.21.201/sdl/index.php?r=project/admin
---
2014/11/10 00:07:32 [warning] [application] Failed to set unsafe attribute "projectid" of "Project".
in /var/www/html/sdl/protected/controllers/ProjectController.php (158)
in /var/www/html/sdl/index.php (13)
2014/11/10 00:07:32 [error] [exception.CDbException] exception 'CDbException' with message 'Relation "Users" is not defined in active record class "Project".' in /var/www/html/yii/framework/db/ar/CActiveFinder.php:226
Stack trace:
#0 /var/www/html/yii/framework/db/ar/CActiveFinder.php(296): CActiveFinder->buildJoinTree(Object(CJoinElement), 'Users')
#1 /var/www/html/yii/framework/db/ar/CActiveFinder.php(48): CActiveFinder->buildJoinTree(Object(CJoinElement), Array)
#2 /var/www/html/yii/framework/db/ar/CActiveRecord.php(909): CActiveFinder->__construct(Object(Project), Array)
#3 /var/www/html/yii/framework/db/ar/CActiveRecord.php(1604): CActiveRecord->getActiveFinder(Array)
#4 /var/www/html/yii/framework/web/CActiveDataProvider.php(228): CActiveRecord->count(Object(CDbCriteria))
#5 /var/www/html/yii/framework/web/CDataProvider.php(224): CActiveDataProvider->calculateTotalItemCount()
#6 /var/www/html/yii/framework/web/CActiveDataProvider.php(178): CDataProvider->getTotalItemCount()
#7 /var/www/html/yii/framework/web/CDataProvider.php(168): CActiveDataProvider->fetchData()
#8 /var/www/html/yii/framework/zii/widgets/CBaseListView.php(111): CDataProvider->getData()
#9 /var/www/html/yii/framework/zii/widgets/grid/CGridView.php(339): CBaseListView->init()
#10 /var/www/html/yii/framework/web/CBaseController.php(147): CGridView->init()
#11 /var/www/html/yii/framework/web/CBaseController.php(172): CBaseController->createWidget('zii.widgets.gri...', Array)
#12 /var/www/html/sdl/protected/views/project/admin.php(73): CBaseController->widget('zii.widgets.gri...', Array)
#13 /var/www/html/yii/framework/web/CBaseController.php(126): require('/var/www/html/s...')
#14 /var/www/html/yii/framework/web/CBaseController.php(95): CBaseController->renderInternal('/var/www/html/s...', Array, true)
#15 /var/www/html/yii/framework/web/CController.php(869): CBaseController->renderFile('/var/www/html/s...', Array, true)
#16 /var/www/html/yii/framework/web/CController.php(782): CController->renderPartial('admin', Array, true)
#17 /var/www/html/sdl/protected/controllers/ProjectController.php(162): CController->render('admin', Array)
#18 /var/www/html/yii/framework/web/actions/CInlineAction.php(49): ProjectController->actionAdmin()
#19 /var/www/html/yii/framework/web/CController.php(308): CInlineAction->runWithParams(Array)
#20 /var/www/html/yii/framework/web/filters/CFilterChain.php(133): CController->runAction(Object(CInlineAction))
#21 /var/www/html/yii/framework/web/filters/CFilter.php(40): CFilterChain->run()
#22 /var/www/html/yii/framework/web/CController.php(1145): CFilter->filter(Object(CFilterChain))
#23 /var/www/html/yii/framework/web/filters/CInlineFilter.php(58): CController->filterAccessControl(Object(CFilterChain))
#24 /var/www/html/yii/framework/web/filters/CFilterChain.php(130): CInlineFilter->filter(Object(CFilterChain))
#25 /var/www/html/yii/framework/web/CController.php(291): CFilterChain->run()
#26 /var/www/html/yii/framework/web/CController.php(265): CController->runActionWithFilters(Object(CInlineAction), Array)
#27 /var/www/html/yii/framework/web/CWebApplication.php(282): CController->run('admin')
#28 /var/www/html/yii/framework/web/CWebApplication.php(141): CWebApplication->runController('project/admin')
#29 /var/www/html/yii/framework/base/CApplication.php(180): CWebApplication->processRequest()
#30 /var/www/html/sdl/index.php(13): CApplication->run()
#31 {main}
REQUEST_URI=/sdl/index.php?Project%5Bprojectid%5D=&Project%5Bprojectname%5D=&Project%5Bstep%5D=&Project%5Buser_search%5D=admin&Project_page=1&ajax=project-grid&r=project%2Fadmin
HTTP_REFERER=http://192.168.21.201/sdl/index.php?r=project/admin
---
2014/11/10 00:09:20 [warning] [application] Failed to set unsafe attribute "projectid" of "Project".
in /var/www/html/sdl/protected/controllers/ProjectController.php (158)
in /var/www/html/sdl/index.php (13)
2014/11/10 00:09:20 [error] [system.db.CDbCommand] CDbCommand::fetchColumn() failed: SQLSTATE[42000]: Syntax error or access violation: 1064 You have an error in your SQL syntax; check the manual that corresponds to your MySQL server version for the right syntax to use near '[0].username LIKE '%admin%')' at line 1. The SQL statement executed was: SELECT COUNT(DISTINCT `t`.`projectid`) FROM `Project` `t`  LEFT OUTER JOIN `Project_User` `users_users` ON (`t`.`projectid`=`users_users`.`project_id`) LEFT OUTER JOIN `User` `users` ON (`users`.`userid`=`users_users`.`user_id`)  WHERE (users[0].username LIKE :ycp0).
in /var/www/html/sdl/protected/views/project/admin.php (73)
in /var/www/html/sdl/protected/controllers/ProjectController.php (162)
in /var/www/html/sdl/index.php (13)
2014/11/10 00:09:20 [error] [exception.CDbException] exception 'CDbException' with message 'CDbCommand failed to execute the SQL statement: SQLSTATE[42000]: Syntax error or access violation: 1064 You have an error in your SQL syntax; check the manual that corresponds to your MySQL server version for the right syntax to use near '[0].username LIKE '%admin%')' at line 1. The SQL statement executed was: SELECT COUNT(DISTINCT `t`.`projectid`) FROM `Project` `t`  LEFT OUTER JOIN `Project_User` `users_users` ON (`t`.`projectid`=`users_users`.`project_id`) LEFT OUTER JOIN `User` `users` ON (`users`.`userid`=`users_users`.`user_id`)  WHERE (users[0].username LIKE :ycp0)' in /var/www/html/yii/framework/db/CDbCommand.php:543
Stack trace:
#0 /var/www/html/yii/framework/db/CDbCommand.php(433): CDbCommand->queryInternal('fetchColumn', 0, Array)
#1 /var/www/html/yii/framework/db/ar/CActiveFinder.php(759): CDbCommand->queryScalar()
#2 /var/www/html/yii/framework/db/ar/CActiveFinder.php(151): CJoinElement->count(Object(CDbCriteria))
#3 /var/www/html/yii/framework/db/ar/CActiveRecord.php(1605): CActiveFinder->count(Object(CDbCriteria))
#4 /var/www/html/yii/framework/web/CActiveDataProvider.php(228): CActiveRecord->count(Object(CDbCriteria))
#5 /var/www/html/yii/framework/web/CDataProvider.php(224): CActiveDataProvider->calculateTotalItemCount()
#6 /var/www/html/yii/framework/web/CActiveDataProvider.php(178): CDataProvider->getTotalItemCount()
#7 /var/www/html/yii/framework/web/CDataProvider.php(168): CActiveDataProvider->fetchData()
#8 /var/www/html/yii/framework/zii/widgets/CBaseListView.php(111): CDataProvider->getData()
#9 /var/www/html/yii/framework/zii/widgets/grid/CGridView.php(339): CBaseListView->init()
#10 /var/www/html/yii/framework/web/CBaseController.php(147): CGridView->init()
#11 /var/www/html/yii/framework/web/CBaseController.php(172): CBaseController->createWidget('zii.widgets.gri...', Array)
#12 /var/www/html/sdl/protected/views/project/admin.php(73): CBaseController->widget('zii.widgets.gri...', Array)
#13 /var/www/html/yii/framework/web/CBaseController.php(126): require('/var/www/html/s...')
#14 /var/www/html/yii/framework/web/CBaseController.php(95): CBaseController->renderInternal('/var/www/html/s...', Array, true)
#15 /var/www/html/yii/framework/web/CController.php(869): CBaseController->renderFile('/var/www/html/s...', Array, true)
#16 /var/www/html/yii/framework/web/CController.php(782): CController->renderPartial('admin', Array, true)
#17 /var/www/html/sdl/protected/controllers/ProjectController.php(162): CController->render('admin', Array)
#18 /var/www/html/yii/framework/web/actions/CInlineAction.php(49): ProjectController->actionAdmin()
#19 /var/www/html/yii/framework/web/CController.php(308): CInlineAction->runWithParams(Array)
#20 /var/www/html/yii/framework/web/filters/CFilterChain.php(133): CController->runAction(Object(CInlineAction))
#21 /var/www/html/yii/framework/web/filters/CFilter.php(40): CFilterChain->run()
#22 /var/www/html/yii/framework/web/CController.php(1145): CFilter->filter(Object(CFilterChain))
#23 /var/www/html/yii/framework/web/filters/CInlineFilter.php(58): CController->filterAccessControl(Object(CFilterChain))
#24 /var/www/html/yii/framework/web/filters/CFilterChain.php(130): CInlineFilter->filter(Object(CFilterChain))
#25 /var/www/html/yii/framework/web/CController.php(291): CFilterChain->run()
#26 /var/www/html/yii/framework/web/CController.php(265): CController->runActionWithFilters(Object(CInlineAction), Array)
#27 /var/www/html/yii/framework/web/CWebApplication.php(282): CController->run('admin')
#28 /var/www/html/yii/framework/web/CWebApplication.php(141): CWebApplication->runController('project/admin')
#29 /var/www/html/yii/framework/base/CApplication.php(180): CWebApplication->processRequest()
#30 /var/www/html/sdl/index.php(13): CApplication->run()
#31 {main}
REQUEST_URI=/sdl/index.php?Project%5Bprojectid%5D=&Project%5Bprojectname%5D=&Project%5Bstep%5D=&Project%5Buser_search%5D=admin&Project_page=1&ajax=project-grid&r=project%2Fadmin
HTTP_REFERER=http://192.168.21.201/sdl/index.php?r=project/admin
---
2014/11/10 00:16:00 [warning] [application] Failed to set unsafe attribute "projectid" of "Project".
in /var/www/html/sdl/protected/controllers/ProjectController.php (158)
in /var/www/html/sdl/index.php (13)
2014/11/10 00:16:00 [error] [system.db.CDbCommand] CDbCommand::fetchColumn() failed: SQLSTATE[42000]: Syntax error or access violation: 1064 You have an error in your SQL syntax; check the manual that corresponds to your MySQL server version for the right syntax to use near '[0].username LIKE '%2%')' at line 1. The SQL statement executed was: SELECT COUNT(DISTINCT `t`.`projectid`) FROM `Project` `t`  LEFT OUTER JOIN `Project_User` `users_users` ON (`t`.`projectid`=`users_users`.`project_id`) LEFT OUTER JOIN `User` `users` ON (`users`.`userid`=`users_users`.`user_id`)  WHERE (users[0].username LIKE :ycp0).
in /var/www/html/sdl/protected/views/project/admin.php (73)
in /var/www/html/sdl/protected/controllers/ProjectController.php (162)
in /var/www/html/sdl/index.php (13)
2014/11/10 00:16:00 [error] [exception.CDbException] exception 'CDbException' with message 'CDbCommand failed to execute the SQL statement: SQLSTATE[42000]: Syntax error or access violation: 1064 You have an error in your SQL syntax; check the manual that corresponds to your MySQL server version for the right syntax to use near '[0].username LIKE '%2%')' at line 1. The SQL statement executed was: SELECT COUNT(DISTINCT `t`.`projectid`) FROM `Project` `t`  LEFT OUTER JOIN `Project_User` `users_users` ON (`t`.`projectid`=`users_users`.`project_id`) LEFT OUTER JOIN `User` `users` ON (`users`.`userid`=`users_users`.`user_id`)  WHERE (users[0].username LIKE :ycp0)' in /var/www/html/yii/framework/db/CDbCommand.php:543
Stack trace:
#0 /var/www/html/yii/framework/db/CDbCommand.php(433): CDbCommand->queryInternal('fetchColumn', 0, Array)
#1 /var/www/html/yii/framework/db/ar/CActiveFinder.php(759): CDbCommand->queryScalar()
#2 /var/www/html/yii/framework/db/ar/CActiveFinder.php(151): CJoinElement->count(Object(CDbCriteria))
#3 /var/www/html/yii/framework/db/ar/CActiveRecord.php(1605): CActiveFinder->count(Object(CDbCriteria))
#4 /var/www/html/yii/framework/web/CActiveDataProvider.php(228): CActiveRecord->count(Object(CDbCriteria))
#5 /var/www/html/yii/framework/web/CDataProvider.php(224): CActiveDataProvider->calculateTotalItemCount()
#6 /var/www/html/yii/framework/web/CActiveDataProvider.php(178): CDataProvider->getTotalItemCount()
#7 /var/www/html/yii/framework/web/CDataProvider.php(168): CActiveDataProvider->fetchData()
#8 /var/www/html/yii/framework/zii/widgets/CBaseListView.php(111): CDataProvider->getData()
#9 /var/www/html/yii/framework/zii/widgets/grid/CGridView.php(339): CBaseListView->init()
#10 /var/www/html/yii/framework/web/CBaseController.php(147): CGridView->init()
#11 /var/www/html/yii/framework/web/CBaseController.php(172): CBaseController->createWidget('zii.widgets.gri...', Array)
#12 /var/www/html/sdl/protected/views/project/admin.php(73): CBaseController->widget('zii.widgets.gri...', Array)
#13 /var/www/html/yii/framework/web/CBaseController.php(126): require('/var/www/html/s...')
#14 /var/www/html/yii/framework/web/CBaseController.php(95): CBaseController->renderInternal('/var/www/html/s...', Array, true)
#15 /var/www/html/yii/framework/web/CController.php(869): CBaseController->renderFile('/var/www/html/s...', Array, true)
#16 /var/www/html/yii/framework/web/CController.php(782): CController->renderPartial('admin', Array, true)
#17 /var/www/html/sdl/protected/controllers/ProjectController.php(162): CController->render('admin', Array)
#18 /var/www/html/yii/framework/web/actions/CInlineAction.php(49): ProjectController->actionAdmin()
#19 /var/www/html/yii/framework/web/CController.php(308): CInlineAction->runWithParams(Array)
#20 /var/www/html/yii/framework/web/filters/CFilterChain.php(133): CController->runAction(Object(CInlineAction))
#21 /var/www/html/yii/framework/web/filters/CFilter.php(40): CFilterChain->run()
#22 /var/www/html/yii/framework/web/CController.php(1145): CFilter->filter(Object(CFilterChain))
#23 /var/www/html/yii/framework/web/filters/CInlineFilter.php(58): CController->filterAccessControl(Object(CFilterChain))
#24 /var/www/html/yii/framework/web/filters/CFilterChain.php(130): CInlineFilter->filter(Object(CFilterChain))
#25 /var/www/html/yii/framework/web/CController.php(291): CFilterChain->run()
#26 /var/www/html/yii/framework/web/CController.php(265): CController->runActionWithFilters(Object(CInlineAction), Array)
#27 /var/www/html/yii/framework/web/CWebApplication.php(282): CController->run('admin')
#28 /var/www/html/yii/framework/web/CWebApplication.php(141): CWebApplication->runController('project/admin')
#29 /var/www/html/yii/framework/base/CApplication.php(180): CWebApplication->processRequest()
#30 /var/www/html/sdl/index.php(13): CApplication->run()
#31 {main}
REQUEST_URI=/sdl/index.php?Project%5Bprojectid%5D=&Project%5Bprojectname%5D=&Project%5Bstep%5D=&Project%5Buser_search%5D=2&Project_page=1&ajax=project-grid&r=project%2Fadmin
HTTP_REFERER=http://192.168.21.201/sdl/index.php?r=project/admin
---
2014/11/10 00:16:04 [warning] [application] Failed to set unsafe attribute "projectid" of "Project".
in /var/www/html/sdl/protected/controllers/ProjectController.php (158)
in /var/www/html/sdl/index.php (13)
2014/11/10 00:16:04 [error] [system.db.CDbCommand] CDbCommand::fetchColumn() failed: SQLSTATE[42000]: Syntax error or access violation: 1064 You have an error in your SQL syntax; check the manual that corresponds to your MySQL server version for the right syntax to use near '[0].username LIKE '%3%')' at line 1. The SQL statement executed was: SELECT COUNT(DISTINCT `t`.`projectid`) FROM `Project` `t`  LEFT OUTER JOIN `Project_User` `users_users` ON (`t`.`projectid`=`users_users`.`project_id`) LEFT OUTER JOIN `User` `users` ON (`users`.`userid`=`users_users`.`user_id`)  WHERE (users[0].username LIKE :ycp0).
in /var/www/html/sdl/protected/views/project/admin.php (73)
in /var/www/html/sdl/protected/controllers/ProjectController.php (162)
in /var/www/html/sdl/index.php (13)
2014/11/10 00:16:04 [error] [exception.CDbException] exception 'CDbException' with message 'CDbCommand failed to execute the SQL statement: SQLSTATE[42000]: Syntax error or access violation: 1064 You have an error in your SQL syntax; check the manual that corresponds to your MySQL server version for the right syntax to use near '[0].username LIKE '%3%')' at line 1. The SQL statement executed was: SELECT COUNT(DISTINCT `t`.`projectid`) FROM `Project` `t`  LEFT OUTER JOIN `Project_User` `users_users` ON (`t`.`projectid`=`users_users`.`project_id`) LEFT OUTER JOIN `User` `users` ON (`users`.`userid`=`users_users`.`user_id`)  WHERE (users[0].username LIKE :ycp0)' in /var/www/html/yii/framework/db/CDbCommand.php:543
Stack trace:
#0 /var/www/html/yii/framework/db/CDbCommand.php(433): CDbCommand->queryInternal('fetchColumn', 0, Array)
#1 /var/www/html/yii/framework/db/ar/CActiveFinder.php(759): CDbCommand->queryScalar()
#2 /var/www/html/yii/framework/db/ar/CActiveFinder.php(151): CJoinElement->count(Object(CDbCriteria))
#3 /var/www/html/yii/framework/db/ar/CActiveRecord.php(1605): CActiveFinder->count(Object(CDbCriteria))
#4 /var/www/html/yii/framework/web/CActiveDataProvider.php(228): CActiveRecord->count(Object(CDbCriteria))
#5 /var/www/html/yii/framework/web/CDataProvider.php(224): CActiveDataProvider->calculateTotalItemCount()
#6 /var/www/html/yii/framework/web/CActiveDataProvider.php(178): CDataProvider->getTotalItemCount()
#7 /var/www/html/yii/framework/web/CDataProvider.php(168): CActiveDataProvider->fetchData()
#8 /var/www/html/yii/framework/zii/widgets/CBaseListView.php(111): CDataProvider->getData()
#9 /var/www/html/yii/framework/zii/widgets/grid/CGridView.php(339): CBaseListView->init()
#10 /var/www/html/yii/framework/web/CBaseController.php(147): CGridView->init()
#11 /var/www/html/yii/framework/web/CBaseController.php(172): CBaseController->createWidget('zii.widgets.gri...', Array)
#12 /var/www/html/sdl/protected/views/project/admin.php(73): CBaseController->widget('zii.widgets.gri...', Array)
#13 /var/www/html/yii/framework/web/CBaseController.php(126): require('/var/www/html/s...')
#14 /var/www/html/yii/framework/web/CBaseController.php(95): CBaseController->renderInternal('/var/www/html/s...', Array, true)
#15 /var/www/html/yii/framework/web/CController.php(869): CBaseController->renderFile('/var/www/html/s...', Array, true)
#16 /var/www/html/yii/framework/web/CController.php(782): CController->renderPartial('admin', Array, true)
#17 /var/www/html/sdl/protected/controllers/ProjectController.php(162): CController->render('admin', Array)
#18 /var/www/html/yii/framework/web/actions/CInlineAction.php(49): ProjectController->actionAdmin()
#19 /var/www/html/yii/framework/web/CController.php(308): CInlineAction->runWithParams(Array)
#20 /var/www/html/yii/framework/web/filters/CFilterChain.php(133): CController->runAction(Object(CInlineAction))
#21 /var/www/html/yii/framework/web/filters/CFilter.php(40): CFilterChain->run()
#22 /var/www/html/yii/framework/web/CController.php(1145): CFilter->filter(Object(CFilterChain))
#23 /var/www/html/yii/framework/web/filters/CInlineFilter.php(58): CController->filterAccessControl(Object(CFilterChain))
#24 /var/www/html/yii/framework/web/filters/CFilterChain.php(130): CInlineFilter->filter(Object(CFilterChain))
#25 /var/www/html/yii/framework/web/CController.php(291): CFilterChain->run()
#26 /var/www/html/yii/framework/web/CController.php(265): CController->runActionWithFilters(Object(CInlineAction), Array)
#27 /var/www/html/yii/framework/web/CWebApplication.php(282): CController->run('admin')
#28 /var/www/html/yii/framework/web/CWebApplication.php(141): CWebApplication->runController('project/admin')
#29 /var/www/html/yii/framework/base/CApplication.php(180): CWebApplication->processRequest()
#30 /var/www/html/sdl/index.php(13): CApplication->run()
#31 {main}
REQUEST_URI=/sdl/index.php?Project%5Bprojectid%5D=&Project%5Bprojectname%5D=&Project%5Bstep%5D=&Project%5Buser_search%5D=3&Project_page=1&ajax=project-grid&r=project%2Fadmin
HTTP_REFERER=http://192.168.21.201/sdl/index.php?r=project/admin
---
2014/11/10 00:16:17 [warning] [application] Failed to set unsafe attribute "projectid" of "Project".
in /var/www/html/sdl/protected/controllers/ProjectController.php (158)
in /var/www/html/sdl/index.php (13)
2014/11/10 00:16:17 [error] [system.db.CDbCommand] CDbCommand::fetchAll() failed: SQLSTATE[42S22]: Column not found: 1054 Unknown column 'users.userid' in 'where clause'. The SQL statement executed was: SELECT `t`.`projectid` AS `t0_c0`, `t`.`projectname` AS `t0_c1`, `t`.`step` AS `t0_c2`, `t`.`create_time` AS `t0_c3`, `t`.`update_time` AS `t0_c4`, `t`.`finish_time` AS `t0_c5` FROM `Project` `t`  WHERE (users.userid LIKE :ycp0) LIMIT 10.
in /var/www/html/sdl/protected/views/project/admin.php (73)
in /var/www/html/sdl/protected/controllers/ProjectController.php (162)
in /var/www/html/sdl/index.php (13)
2014/11/10 00:16:17 [error] [exception.CDbException] exception 'CDbException' with message 'CDbCommand failed to execute the SQL statement: SQLSTATE[42S22]: Column not found: 1054 Unknown column 'users.userid' in 'where clause'. The SQL statement executed was: SELECT `t`.`projectid` AS `t0_c0`, `t`.`projectname` AS `t0_c1`, `t`.`step` AS `t0_c2`, `t`.`create_time` AS `t0_c3`, `t`.`update_time` AS `t0_c4`, `t`.`finish_time` AS `t0_c5` FROM `Project` `t`  WHERE (users.userid LIKE :ycp0) LIMIT 10' in /var/www/html/yii/framework/db/CDbCommand.php:543
Stack trace:
#0 /var/www/html/yii/framework/db/CDbCommand.php(396): CDbCommand->queryInternal('fetchAll', Array, Array)
#1 /var/www/html/yii/framework/db/ar/CActiveFinder.php(803): CDbCommand->queryAll()
#2 /var/www/html/yii/framework/db/ar/CActiveFinder.php(437): CJoinElement->runQuery(Object(CJoinQuery))
#3 /var/www/html/yii/framework/db/ar/CActiveFinder.php(68): CJoinElement->find(Object(CDbCriteria))
#4 /var/www/html/yii/framework/db/ar/CActiveRecord.php(1356): CActiveFinder->query(Object(CDbCriteria), true)
#5 /var/www/html/yii/framework/db/ar/CActiveRecord.php(1470): CActiveRecord->query(Object(CDbCriteria), true)
#6 /var/www/html/yii/framework/web/CActiveDataProvider.php(199): CActiveRecord->findAll(Object(CDbCriteria))
#7 /var/www/html/yii/framework/web/CDataProvider.php(168): CActiveDataProvider->fetchData()
#8 /var/www/html/yii/framework/zii/widgets/CBaseListView.php(111): CDataProvider->getData()
#9 /var/www/html/yii/framework/zii/widgets/grid/CGridView.php(339): CBaseListView->init()
#10 /var/www/html/yii/framework/web/CBaseController.php(147): CGridView->init()
#11 /var/www/html/yii/framework/web/CBaseController.php(172): CBaseController->createWidget('zii.widgets.gri...', Array)
#12 /var/www/html/sdl/protected/views/project/admin.php(73): CBaseController->widget('zii.widgets.gri...', Array)
#13 /var/www/html/yii/framework/web/CBaseController.php(126): require('/var/www/html/s...')
#14 /var/www/html/yii/framework/web/CBaseController.php(95): CBaseController->renderInternal('/var/www/html/s...', Array, true)
#15 /var/www/html/yii/framework/web/CController.php(869): CBaseController->renderFile('/var/www/html/s...', Array, true)
#16 /var/www/html/yii/framework/web/CController.php(782): CController->renderPartial('admin', Array, true)
#17 /var/www/html/sdl/protected/controllers/ProjectController.php(162): CController->render('admin', Array)
#18 /var/www/html/yii/framework/web/actions/CInlineAction.php(49): ProjectController->actionAdmin()
#19 /var/www/html/yii/framework/web/CController.php(308): CInlineAction->runWithParams(Array)
#20 /var/www/html/yii/framework/web/filters/CFilterChain.php(133): CController->runAction(Object(CInlineAction))
#21 /var/www/html/yii/framework/web/filters/CFilter.php(40): CFilterChain->run()
#22 /var/www/html/yii/framework/web/CController.php(1145): CFilter->filter(Object(CFilterChain))
#23 /var/www/html/yii/framework/web/filters/CInlineFilter.php(58): CController->filterAccessControl(Object(CFilterChain))
#24 /var/www/html/yii/framework/web/filters/CFilterChain.php(130): CInlineFilter->filter(Object(CFilterChain))
#25 /var/www/html/yii/framework/web/CController.php(291): CFilterChain->run()
#26 /var/www/html/yii/framework/web/CController.php(265): CController->runActionWithFilters(Object(CInlineAction), Array)
#27 /var/www/html/yii/framework/web/CWebApplication.php(282): CController->run('admin')
#28 /var/www/html/yii/framework/web/CWebApplication.php(141): CWebApplication->runController('project/admin')
#29 /var/www/html/yii/framework/base/CApplication.php(180): CWebApplication->processRequest()
#30 /var/www/html/sdl/index.php(13): CApplication->run()
#31 {main}
REQUEST_URI=/sdl/index.php?Project%5Bprojectid%5D=&Project%5Bprojectname%5D=&Project%5Bstep%5D=&Project%5Buser_search%5D=3&Project_page=1&ajax=project-grid&r=project%2Fadmin
HTTP_REFERER=http://192.168.21.201/sdl/index.php?r=project/admin
---
2014/11/10 00:16:32 [warning] [application] Failed to set unsafe attribute "projectid" of "Project".
in /var/www/html/sdl/protected/controllers/ProjectController.php (158)
in /var/www/html/sdl/index.php (13)
2014/11/10 00:16:32 [error] [system.db.CDbCommand] CDbCommand::fetchColumn() failed: SQLSTATE[42S22]: Column not found: 1054 Unknown column 'users' in 'where clause'. The SQL statement executed was: SELECT COUNT(DISTINCT `t`.`projectid`) FROM `Project` `t`  LEFT OUTER JOIN `Project_User` `users_users` ON (`t`.`projectid`=`users_users`.`project_id`) LEFT OUTER JOIN `User` `users` ON (`users`.`userid`=`users_users`.`user_id`)  WHERE (users LIKE :ycp0).
in /var/www/html/sdl/protected/views/project/admin.php (73)
in /var/www/html/sdl/protected/controllers/ProjectController.php (162)
in /var/www/html/sdl/index.php (13)
2014/11/10 00:16:32 [error] [exception.CDbException] exception 'CDbException' with message 'CDbCommand failed to execute the SQL statement: SQLSTATE[42S22]: Column not found: 1054 Unknown column 'users' in 'where clause'. The SQL statement executed was: SELECT COUNT(DISTINCT `t`.`projectid`) FROM `Project` `t`  LEFT OUTER JOIN `Project_User` `users_users` ON (`t`.`projectid`=`users_users`.`project_id`) LEFT OUTER JOIN `User` `users` ON (`users`.`userid`=`users_users`.`user_id`)  WHERE (users LIKE :ycp0)' in /var/www/html/yii/framework/db/CDbCommand.php:543
Stack trace:
#0 /var/www/html/yii/framework/db/CDbCommand.php(433): CDbCommand->queryInternal('fetchColumn', 0, Array)
#1 /var/www/html/yii/framework/db/ar/CActiveFinder.php(759): CDbCommand->queryScalar()
#2 /var/www/html/yii/framework/db/ar/CActiveFinder.php(151): CJoinElement->count(Object(CDbCriteria))
#3 /var/www/html/yii/framework/db/ar/CActiveRecord.php(1605): CActiveFinder->count(Object(CDbCriteria))
#4 /var/www/html/yii/framework/web/CActiveDataProvider.php(228): CActiveRecord->count(Object(CDbCriteria))
#5 /var/www/html/yii/framework/web/CDataProvider.php(224): CActiveDataProvider->calculateTotalItemCount()
#6 /var/www/html/yii/framework/web/CActiveDataProvider.php(178): CDataProvider->getTotalItemCount()
#7 /var/www/html/yii/framework/web/CDataProvider.php(168): CActiveDataProvider->fetchData()
#8 /var/www/html/yii/framework/zii/widgets/CBaseListView.php(111): CDataProvider->getData()
#9 /var/www/html/yii/framework/zii/widgets/grid/CGridView.php(339): CBaseListView->init()
#10 /var/www/html/yii/framework/web/CBaseController.php(147): CGridView->init()
#11 /var/www/html/yii/framework/web/CBaseController.php(172): CBaseController->createWidget('zii.widgets.gri...', Array)
#12 /var/www/html/sdl/protected/views/project/admin.php(73): CBaseController->widget('zii.widgets.gri...', Array)
#13 /var/www/html/yii/framework/web/CBaseController.php(126): require('/var/www/html/s...')
#14 /var/www/html/yii/framework/web/CBaseController.php(95): CBaseController->renderInternal('/var/www/html/s...', Array, true)
#15 /var/www/html/yii/framework/web/CController.php(869): CBaseController->renderFile('/var/www/html/s...', Array, true)
#16 /var/www/html/yii/framework/web/CController.php(782): CController->renderPartial('admin', Array, true)
#17 /var/www/html/sdl/protected/controllers/ProjectController.php(162): CController->render('admin', Array)
#18 /var/www/html/yii/framework/web/actions/CInlineAction.php(49): ProjectController->actionAdmin()
#19 /var/www/html/yii/framework/web/CController.php(308): CInlineAction->runWithParams(Array)
#20 /var/www/html/yii/framework/web/filters/CFilterChain.php(133): CController->runAction(Object(CInlineAction))
#21 /var/www/html/yii/framework/web/filters/CFilter.php(40): CFilterChain->run()
#22 /var/www/html/yii/framework/web/CController.php(1145): CFilter->filter(Object(CFilterChain))
#23 /var/www/html/yii/framework/web/filters/CInlineFilter.php(58): CController->filterAccessControl(Object(CFilterChain))
#24 /var/www/html/yii/framework/web/filters/CFilterChain.php(130): CInlineFilter->filter(Object(CFilterChain))
#25 /var/www/html/yii/framework/web/CController.php(291): CFilterChain->run()
#26 /var/www/html/yii/framework/web/CController.php(265): CController->runActionWithFilters(Object(CInlineAction), Array)
#27 /var/www/html/yii/framework/web/CWebApplication.php(282): CController->run('admin')
#28 /var/www/html/yii/framework/web/CWebApplication.php(141): CWebApplication->runController('project/admin')
#29 /var/www/html/yii/framework/base/CApplication.php(180): CWebApplication->processRequest()
#30 /var/www/html/sdl/index.php(13): CApplication->run()
#31 {main}
REQUEST_URI=/sdl/index.php?Project%5Bprojectid%5D=&Project%5Bprojectname%5D=&Project%5Bstep%5D=&Project%5Buser_search%5D=3%5C&Project_page=1&ajax=project-grid&r=project%2Fadmin
HTTP_REFERER=http://192.168.21.201/sdl/index.php?r=project/admin
---
2014/11/10 00:17:13 [warning] [application] Failed to set unsafe attribute "projectid" of "Project".
in /var/www/html/sdl/protected/controllers/ProjectController.php (158)
in /var/www/html/sdl/index.php (13)
2014/11/10 00:17:13 [error] [system.db.CDbCommand] CDbCommand::fetchColumn() failed: SQLSTATE[42S22]: Column not found: 1054 Unknown column 'users' in 'where clause'. The SQL statement executed was: SELECT COUNT(DISTINCT `t`.`projectid`) FROM `Project` `t`  LEFT OUTER JOIN `Project_User` `users_users` ON (`t`.`projectid`=`users_users`.`project_id`) LEFT OUTER JOIN `User` `users` ON (`users`.`userid`=`users_users`.`user_id`)  WHERE (users LIKE :ycp0).
in /var/www/html/sdl/protected/views/project/admin.php (73)
in /var/www/html/sdl/protected/controllers/ProjectController.php (162)
in /var/www/html/sdl/index.php (13)
2014/11/10 00:17:13 [error] [exception.CDbException] exception 'CDbException' with message 'CDbCommand failed to execute the SQL statement: SQLSTATE[42S22]: Column not found: 1054 Unknown column 'users' in 'where clause'. The SQL statement executed was: SELECT COUNT(DISTINCT `t`.`projectid`) FROM `Project` `t`  LEFT OUTER JOIN `Project_User` `users_users` ON (`t`.`projectid`=`users_users`.`project_id`) LEFT OUTER JOIN `User` `users` ON (`users`.`userid`=`users_users`.`user_id`)  WHERE (users LIKE :ycp0)' in /var/www/html/yii/framework/db/CDbCommand.php:543
Stack trace:
#0 /var/www/html/yii/framework/db/CDbCommand.php(433): CDbCommand->queryInternal('fetchColumn', 0, Array)
#1 /var/www/html/yii/framework/db/ar/CActiveFinder.php(759): CDbCommand->queryScalar()
#2 /var/www/html/yii/framework/db/ar/CActiveFinder.php(151): CJoinElement->count(Object(CDbCriteria))
#3 /var/www/html/yii/framework/db/ar/CActiveRecord.php(1605): CActiveFinder->count(Object(CDbCriteria))
#4 /var/www/html/yii/framework/web/CActiveDataProvider.php(228): CActiveRecord->count(Object(CDbCriteria))
#5 /var/www/html/yii/framework/web/CDataProvider.php(224): CActiveDataProvider->calculateTotalItemCount()
#6 /var/www/html/yii/framework/web/CActiveDataProvider.php(178): CDataProvider->getTotalItemCount()
#7 /var/www/html/yii/framework/web/CDataProvider.php(168): CActiveDataProvider->fetchData()
#8 /var/www/html/yii/framework/zii/widgets/CBaseListView.php(111): CDataProvider->getData()
#9 /var/www/html/yii/framework/zii/widgets/grid/CGridView.php(339): CBaseListView->init()
#10 /var/www/html/yii/framework/web/CBaseController.php(147): CGridView->init()
#11 /var/www/html/yii/framework/web/CBaseController.php(172): CBaseController->createWidget('zii.widgets.gri...', Array)
#12 /var/www/html/sdl/protected/views/project/admin.php(73): CBaseController->widget('zii.widgets.gri...', Array)
#13 /var/www/html/yii/framework/web/CBaseController.php(126): require('/var/www/html/s...')
#14 /var/www/html/yii/framework/web/CBaseController.php(95): CBaseController->renderInternal('/var/www/html/s...', Array, true)
#15 /var/www/html/yii/framework/web/CController.php(869): CBaseController->renderFile('/var/www/html/s...', Array, true)
#16 /var/www/html/yii/framework/web/CController.php(782): CController->renderPartial('admin', Array, true)
#17 /var/www/html/sdl/protected/controllers/ProjectController.php(162): CController->render('admin', Array)
#18 /var/www/html/yii/framework/web/actions/CInlineAction.php(49): ProjectController->actionAdmin()
#19 /var/www/html/yii/framework/web/CController.php(308): CInlineAction->runWithParams(Array)
#20 /var/www/html/yii/framework/web/filters/CFilterChain.php(133): CController->runAction(Object(CInlineAction))
#21 /var/www/html/yii/framework/web/filters/CFilter.php(40): CFilterChain->run()
#22 /var/www/html/yii/framework/web/CController.php(1145): CFilter->filter(Object(CFilterChain))
#23 /var/www/html/yii/framework/web/filters/CInlineFilter.php(58): CController->filterAccessControl(Object(CFilterChain))
#24 /var/www/html/yii/framework/web/filters/CFilterChain.php(130): CInlineFilter->filter(Object(CFilterChain))
#25 /var/www/html/yii/framework/web/CController.php(291): CFilterChain->run()
#26 /var/www/html/yii/framework/web/CController.php(265): CController->runActionWithFilters(Object(CInlineAction), Array)
#27 /var/www/html/yii/framework/web/CWebApplication.php(282): CController->run('admin')
#28 /var/www/html/yii/framework/web/CWebApplication.php(141): CWebApplication->runController('project/admin')
#29 /var/www/html/yii/framework/base/CApplication.php(180): CWebApplication->processRequest()
#30 /var/www/html/sdl/index.php(13): CApplication->run()
#31 {main}
REQUEST_URI=/sdl/index.php?Project%5Bprojectid%5D=&Project%5Bprojectname%5D=&Project%5Bstep%5D=&Project%5Buser_search%5D=admin&Project_page=1&ajax=project-grid&r=project%2Fadmin
HTTP_REFERER=http://192.168.21.201/sdl/index.php?r=project/admin
---
2014/11/10 00:17:37 [warning] [application] Failed to set unsafe attribute "projectid" of "Project".
in /var/www/html/sdl/protected/controllers/ProjectController.php (158)
in /var/www/html/sdl/index.php (13)
2014/11/10 00:17:37 [error] [system.db.CDbCommand] CDbCommand::fetchColumn() failed: SQLSTATE[42S22]: Column not found: 1054 Unknown column 'users' in 'where clause'. The SQL statement executed was: SELECT COUNT(DISTINCT `t`.`projectid`) FROM `Project` `t`  LEFT OUTER JOIN `Project_User` `users_users` ON (`t`.`projectid`=`users_users`.`project_id`) LEFT OUTER JOIN `User` `users` ON (`users`.`userid`=`users_users`.`user_id`)  WHERE (users LIKE :ycp0).
in /var/www/html/sdl/protected/views/project/admin.php (73)
in /var/www/html/sdl/protected/controllers/ProjectController.php (162)
in /var/www/html/sdl/index.php (13)
2014/11/10 00:17:37 [error] [exception.CDbException] exception 'CDbException' with message 'CDbCommand failed to execute the SQL statement: SQLSTATE[42S22]: Column not found: 1054 Unknown column 'users' in 'where clause'. The SQL statement executed was: SELECT COUNT(DISTINCT `t`.`projectid`) FROM `Project` `t`  LEFT OUTER JOIN `Project_User` `users_users` ON (`t`.`projectid`=`users_users`.`project_id`) LEFT OUTER JOIN `User` `users` ON (`users`.`userid`=`users_users`.`user_id`)  WHERE (users LIKE :ycp0)' in /var/www/html/yii/framework/db/CDbCommand.php:543
Stack trace:
#0 /var/www/html/yii/framework/db/CDbCommand.php(433): CDbCommand->queryInternal('fetchColumn', 0, Array)
#1 /var/www/html/yii/framework/db/ar/CActiveFinder.php(759): CDbCommand->queryScalar()
#2 /var/www/html/yii/framework/db/ar/CActiveFinder.php(151): CJoinElement->count(Object(CDbCriteria))
#3 /var/www/html/yii/framework/db/ar/CActiveRecord.php(1605): CActiveFinder->count(Object(CDbCriteria))
#4 /var/www/html/yii/framework/web/CActiveDataProvider.php(228): CActiveRecord->count(Object(CDbCriteria))
#5 /var/www/html/yii/framework/web/CDataProvider.php(224): CActiveDataProvider->calculateTotalItemCount()
#6 /var/www/html/yii/framework/web/CActiveDataProvider.php(178): CDataProvider->getTotalItemCount()
#7 /var/www/html/yii/framework/web/CDataProvider.php(168): CActiveDataProvider->fetchData()
#8 /var/www/html/yii/framework/zii/widgets/CBaseListView.php(111): CDataProvider->getData()
#9 /var/www/html/yii/framework/zii/widgets/grid/CGridView.php(339): CBaseListView->init()
#10 /var/www/html/yii/framework/web/CBaseController.php(147): CGridView->init()
#11 /var/www/html/yii/framework/web/CBaseController.php(172): CBaseController->createWidget('zii.widgets.gri...', Array)
#12 /var/www/html/sdl/protected/views/project/admin.php(73): CBaseController->widget('zii.widgets.gri...', Array)
#13 /var/www/html/yii/framework/web/CBaseController.php(126): require('/var/www/html/s...')
#14 /var/www/html/yii/framework/web/CBaseController.php(95): CBaseController->renderInternal('/var/www/html/s...', Array, true)
#15 /var/www/html/yii/framework/web/CController.php(869): CBaseController->renderFile('/var/www/html/s...', Array, true)
#16 /var/www/html/yii/framework/web/CController.php(782): CController->renderPartial('admin', Array, true)
#17 /var/www/html/sdl/protected/controllers/ProjectController.php(162): CController->render('admin', Array)
#18 /var/www/html/yii/framework/web/actions/CInlineAction.php(49): ProjectController->actionAdmin()
#19 /var/www/html/yii/framework/web/CController.php(308): CInlineAction->runWithParams(Array)
#20 /var/www/html/yii/framework/web/filters/CFilterChain.php(133): CController->runAction(Object(CInlineAction))
#21 /var/www/html/yii/framework/web/filters/CFilter.php(40): CFilterChain->run()
#22 /var/www/html/yii/framework/web/CController.php(1145): CFilter->filter(Object(CFilterChain))
#23 /var/www/html/yii/framework/web/filters/CInlineFilter.php(58): CController->filterAccessControl(Object(CFilterChain))
#24 /var/www/html/yii/framework/web/filters/CFilterChain.php(130): CInlineFilter->filter(Object(CFilterChain))
#25 /var/www/html/yii/framework/web/CController.php(291): CFilterChain->run()
#26 /var/www/html/yii/framework/web/CController.php(265): CController->runActionWithFilters(Object(CInlineAction), Array)
#27 /var/www/html/yii/framework/web/CWebApplication.php(282): CController->run('admin')
#28 /var/www/html/yii/framework/web/CWebApplication.php(141): CWebApplication->runController('project/admin')
#29 /var/www/html/yii/framework/base/CApplication.php(180): CWebApplication->processRequest()
#30 /var/www/html/sdl/index.php(13): CApplication->run()
#31 {main}
REQUEST_URI=/sdl/index.php?Project%5Bprojectid%5D=&Project%5Bprojectname%5D=&Project%5Bstep%5D=&Project%5Buser_search%5D=admin&Project_page=1&ajax=project-grid&r=project%2Fadmin
HTTP_REFERER=http://192.168.21.201/sdl/index.php?r=project/admin
---
2014/11/10 00:33:10 [warning] [application] Failed to set unsafe attribute "projectid" of "Project".
in /var/www/html/sdl/protected/controllers/ProjectController.php (158)
in /var/www/html/sdl/index.php (13)
2014/11/10 00:33:10 [error] [system.db.CDbCommand] CDbCommand::fetchColumn() failed: SQLSTATE[42S22]: Column not found: 1054 Unknown column 'users' in 'where clause'. The SQL statement executed was: SELECT COUNT(DISTINCT `t`.`projectid`) FROM `Project` `t`  LEFT OUTER JOIN `Project_User` `users_users` ON (`t`.`projectid`=`users_users`.`project_id`) LEFT OUTER JOIN `User` `users` ON (`users`.`userid`=`users_users`.`user_id`)  WHERE (users LIKE :ycp0).
in /var/www/html/sdl/protected/views/project/admin.php (73)
in /var/www/html/sdl/protected/controllers/ProjectController.php (162)
in /var/www/html/sdl/index.php (13)
2014/11/10 00:33:10 [error] [exception.CDbException] exception 'CDbException' with message 'CDbCommand failed to execute the SQL statement: SQLSTATE[42S22]: Column not found: 1054 Unknown column 'users' in 'where clause'. The SQL statement executed was: SELECT COUNT(DISTINCT `t`.`projectid`) FROM `Project` `t`  LEFT OUTER JOIN `Project_User` `users_users` ON (`t`.`projectid`=`users_users`.`project_id`) LEFT OUTER JOIN `User` `users` ON (`users`.`userid`=`users_users`.`user_id`)  WHERE (users LIKE :ycp0)' in /var/www/html/yii/framework/db/CDbCommand.php:543
Stack trace:
#0 /var/www/html/yii/framework/db/CDbCommand.php(433): CDbCommand->queryInternal('fetchColumn', 0, Array)
#1 /var/www/html/yii/framework/db/ar/CActiveFinder.php(759): CDbCommand->queryScalar()
#2 /var/www/html/yii/framework/db/ar/CActiveFinder.php(151): CJoinElement->count(Object(CDbCriteria))
#3 /var/www/html/yii/framework/db/ar/CActiveRecord.php(1605): CActiveFinder->count(Object(CDbCriteria))
#4 /var/www/html/yii/framework/web/CActiveDataProvider.php(228): CActiveRecord->count(Object(CDbCriteria))
#5 /var/www/html/yii/framework/web/CDataProvider.php(224): CActiveDataProvider->calculateTotalItemCount()
#6 /var/www/html/yii/framework/web/CActiveDataProvider.php(178): CDataProvider->getTotalItemCount()
#7 /var/www/html/yii/framework/web/CDataProvider.php(168): CActiveDataProvider->fetchData()
#8 /var/www/html/yii/framework/zii/widgets/CBaseListView.php(111): CDataProvider->getData()
#9 /var/www/html/yii/framework/zii/widgets/grid/CGridView.php(339): CBaseListView->init()
#10 /var/www/html/yii/framework/web/CBaseController.php(147): CGridView->init()
#11 /var/www/html/yii/framework/web/CBaseController.php(172): CBaseController->createWidget('zii.widgets.gri...', Array)
#12 /var/www/html/sdl/protected/views/project/admin.php(73): CBaseController->widget('zii.widgets.gri...', Array)
#13 /var/www/html/yii/framework/web/CBaseController.php(126): require('/var/www/html/s...')
#14 /var/www/html/yii/framework/web/CBaseController.php(95): CBaseController->renderInternal('/var/www/html/s...', Array, true)
#15 /var/www/html/yii/framework/web/CController.php(869): CBaseController->renderFile('/var/www/html/s...', Array, true)
#16 /var/www/html/yii/framework/web/CController.php(782): CController->renderPartial('admin', Array, true)
#17 /var/www/html/sdl/protected/controllers/ProjectController.php(162): CController->render('admin', Array)
#18 /var/www/html/yii/framework/web/actions/CInlineAction.php(49): ProjectController->actionAdmin()
#19 /var/www/html/yii/framework/web/CController.php(308): CInlineAction->runWithParams(Array)
#20 /var/www/html/yii/framework/web/filters/CFilterChain.php(133): CController->runAction(Object(CInlineAction))
#21 /var/www/html/yii/framework/web/filters/CFilter.php(40): CFilterChain->run()
#22 /var/www/html/yii/framework/web/CController.php(1145): CFilter->filter(Object(CFilterChain))
#23 /var/www/html/yii/framework/web/filters/CInlineFilter.php(58): CController->filterAccessControl(Object(CFilterChain))
#24 /var/www/html/yii/framework/web/filters/CFilterChain.php(130): CInlineFilter->filter(Object(CFilterChain))
#25 /var/www/html/yii/framework/web/CController.php(291): CFilterChain->run()
#26 /var/www/html/yii/framework/web/CController.php(265): CController->runActionWithFilters(Object(CInlineAction), Array)
#27 /var/www/html/yii/framework/web/CWebApplication.php(282): CController->run('admin')
#28 /var/www/html/yii/framework/web/CWebApplication.php(141): CWebApplication->runController('project/admin')
#29 /var/www/html/yii/framework/base/CApplication.php(180): CWebApplication->processRequest()
#30 /var/www/html/sdl/index.php(13): CApplication->run()
#31 {main}
REQUEST_URI=/sdl/index.php?Project%5Bprojectid%5D=&Project%5Bprojectname%5D=&Project%5Bstep%5D=&Project%5Buser_search%5D=admin&Project_page=1&ajax=project-grid&r=project%2Fadmin
HTTP_REFERER=http://192.168.21.201/sdl/index.php?r=project/admin
---
2014/11/10 00:34:17 [warning] [application] Failed to set unsafe attribute "projectid" of "Project".
in /var/www/html/sdl/protected/controllers/ProjectController.php (158)
in /var/www/html/sdl/index.php (13)
2014/11/10 00:34:17 [error] [system.db.CDbCommand] CDbCommand::fetchAll() failed: SQLSTATE[42S22]: Column not found: 1054 Unknown column 'users.username' in 'where clause'. The SQL statement executed was: SELECT `t`.`projectid` AS `t0_c0`, `t`.`projectname` AS `t0_c1`, `t`.`step` AS `t0_c2`, `t`.`create_time` AS `t0_c3`, `t`.`update_time` AS `t0_c4`, `t`.`finish_time` AS `t0_c5` FROM `Project` `t`  WHERE (users.username LIKE :ycp0) LIMIT 10.
in /var/www/html/sdl/protected/views/project/admin.php (73)
in /var/www/html/sdl/protected/controllers/ProjectController.php (162)
in /var/www/html/sdl/index.php (13)
2014/11/10 00:34:17 [error] [exception.CDbException] exception 'CDbException' with message 'CDbCommand failed to execute the SQL statement: SQLSTATE[42S22]: Column not found: 1054 Unknown column 'users.username' in 'where clause'. The SQL statement executed was: SELECT `t`.`projectid` AS `t0_c0`, `t`.`projectname` AS `t0_c1`, `t`.`step` AS `t0_c2`, `t`.`create_time` AS `t0_c3`, `t`.`update_time` AS `t0_c4`, `t`.`finish_time` AS `t0_c5` FROM `Project` `t`  WHERE (users.username LIKE :ycp0) LIMIT 10' in /var/www/html/yii/framework/db/CDbCommand.php:543
Stack trace:
#0 /var/www/html/yii/framework/db/CDbCommand.php(396): CDbCommand->queryInternal('fetchAll', Array, Array)
#1 /var/www/html/yii/framework/db/ar/CActiveFinder.php(803): CDbCommand->queryAll()
#2 /var/www/html/yii/framework/db/ar/CActiveFinder.php(437): CJoinElement->runQuery(Object(CJoinQuery))
#3 /var/www/html/yii/framework/db/ar/CActiveFinder.php(68): CJoinElement->find(Object(CDbCriteria))
#4 /var/www/html/yii/framework/db/ar/CActiveRecord.php(1356): CActiveFinder->query(Object(CDbCriteria), true)
#5 /var/www/html/yii/framework/db/ar/CActiveRecord.php(1470): CActiveRecord->query(Object(CDbCriteria), true)
#6 /var/www/html/yii/framework/web/CActiveDataProvider.php(199): CActiveRecord->findAll(Object(CDbCriteria))
#7 /var/www/html/yii/framework/web/CDataProvider.php(168): CActiveDataProvider->fetchData()
#8 /var/www/html/yii/framework/zii/widgets/CBaseListView.php(111): CDataProvider->getData()
#9 /var/www/html/yii/framework/zii/widgets/grid/CGridView.php(339): CBaseListView->init()
#10 /var/www/html/yii/framework/web/CBaseController.php(147): CGridView->init()
#11 /var/www/html/yii/framework/web/CBaseController.php(172): CBaseController->createWidget('zii.widgets.gri...', Array)
#12 /var/www/html/sdl/protected/views/project/admin.php(73): CBaseController->widget('zii.widgets.gri...', Array)
#13 /var/www/html/yii/framework/web/CBaseController.php(126): require('/var/www/html/s...')
#14 /var/www/html/yii/framework/web/CBaseController.php(95): CBaseController->renderInternal('/var/www/html/s...', Array, true)
#15 /var/www/html/yii/framework/web/CController.php(869): CBaseController->renderFile('/var/www/html/s...', Array, true)
#16 /var/www/html/yii/framework/web/CController.php(782): CController->renderPartial('admin', Array, true)
#17 /var/www/html/sdl/protected/controllers/ProjectController.php(162): CController->render('admin', Array)
#18 /var/www/html/yii/framework/web/actions/CInlineAction.php(49): ProjectController->actionAdmin()
#19 /var/www/html/yii/framework/web/CController.php(308): CInlineAction->runWithParams(Array)
#20 /var/www/html/yii/framework/web/filters/CFilterChain.php(133): CController->runAction(Object(CInlineAction))
#21 /var/www/html/yii/framework/web/filters/CFilter.php(40): CFilterChain->run()
#22 /var/www/html/yii/framework/web/CController.php(1145): CFilter->filter(Object(CFilterChain))
#23 /var/www/html/yii/framework/web/filters/CInlineFilter.php(58): CController->filterAccessControl(Object(CFilterChain))
#24 /var/www/html/yii/framework/web/filters/CFilterChain.php(130): CInlineFilter->filter(Object(CFilterChain))
#25 /var/www/html/yii/framework/web/CController.php(291): CFilterChain->run()
#26 /var/www/html/yii/framework/web/CController.php(265): CController->runActionWithFilters(Object(CInlineAction), Array)
#27 /var/www/html/yii/framework/web/CWebApplication.php(282): CController->run('admin')
#28 /var/www/html/yii/framework/web/CWebApplication.php(141): CWebApplication->runController('project/admin')
#29 /var/www/html/yii/framework/base/CApplication.php(180): CWebApplication->processRequest()
#30 /var/www/html/sdl/index.php(13): CApplication->run()
#31 {main}
REQUEST_URI=/sdl/index.php?Project%5Bprojectid%5D=&Project%5Bprojectname%5D=&Project%5Bstep%5D=&Project%5Buser_search%5D=admin&Project_page=1&ajax=project-grid&r=project%2Fadmin
HTTP_REFERER=http://192.168.21.201/sdl/index.php?r=project/admin
---
2014/11/10 00:41:15 [warning] [application] Failed to set unsafe attribute "projectid" of "Project".
in /var/www/html/sdl/protected/controllers/ProjectController.php (158)
in /var/www/html/sdl/index.php (13)
2014/11/10 00:41:30 [warning] [application] Failed to set unsafe attribute "_userlist" of "Project".
in /var/www/html/sdl/protected/controllers/ProjectController.php (89)
in /var/www/html/sdl/index.php (13)
